<?xml version="1.0" encoding="UTF-8"?>
<!-- Generated by org.testng.reporters.JUnitReportReporter -->
<testsuite hostname="LAPTOP219" failures="0" tests="5" name="test.first" time="0.013" errors="0" timestamp="2022-10-31T14:31:54 NZDT" skipped="0">
  <testcase classname="test.first" name="EnterDetails" time="0.004"/>
  <system-out/>
  <testcase classname="test.first" name="Login" time="0.002"/>
  <system-out/>
  <testcase classname="test.first" name="Login" time="0.002"/>
  <system-out/>
  <testcase classname="test.first" name="Login" time="0.001"/>
  <system-out/>
  <testcase classname="test.first" name="Logoff" time="0.004"/>
  <system-out/>
</testsuite> <!-- test.first -->
