<?xml version="1.0" encoding="UTF-8"?>
<!-- Generated by org.testng.reporters.JUnitReportReporter -->
<testsuite hostname="LAPTOP219" failures="0" tests="3" name="test.second" time="0.004" errors="0" timestamp="2022-10-31T14:31:54 NZDT" skipped="0">
  <testcase classname="test.second" name="Logoff" time="0.001"/>
  <system-out/>
  <testcase classname="test.second" name="EnterDetails" time="0.002"/>
  <system-out/>
  <testcase classname="test.second" name="Login" time="0.001"/>
  <system-out/>
</testsuite> <!-- test.second -->
