<?xml version="1.0" encoding="UTF-8"?>
<!-- Generated by org.testng.reporters.JUnitReportReporter -->
<testsuite hostname="LAPTOP219" failures="0" tests="1" name="cucumber.TestNGTestRunner" time="10.567" errors="0" timestamp="2022-11-08T10:52:06 NZDT" skipped="0">
  <testcase classname="cucumber.TestNGTestRunner" name="runScenario" time="10.567"/>
  <system-out/>
</testsuite> <!-- cucumber.TestNGTestRunner -->
