<?xml version="1.0" encoding="UTF-8"?>
<!-- Generated by org.testng.reporters.JUnitReportReporter -->
<testsuite hostname="LAPTOP219" failures="0" tests="1" name="Testing.ExtentReports.ExtentReportDemo" time="4.723" errors="0" timestamp="2022-11-04T14:38:45 NZDT" skipped="0">
  <testcase classname="Testing.ExtentReports.ExtentReportDemo" name="initialDemo" time="4.723"/>
  <system-out/>
</testsuite> <!-- Testing.ExtentReports.ExtentReportDemo -->
